This is pdfTeXk, Version 3.141592-1.40.3 (Web2C 7.5.6) (format=pdflatex 2007.5.18)  21 NOV 2009 19:25
entering extended mode
\write18 enabled.
 %&-line parsing enabled.
**condprop.tex
(./condprop.tex
LaTeX2e <2005/12/01>
Babel <v3.8h> and hyphenation patterns for english, usenglishmax, dumylang, noh
yphenation, arabic, basque, bulgarian, coptic, welsh, czech, slovak, german, ng
erman, danish, esperanto, spanish, catalan, galician, estonian, farsi, finnish,
 french, greek, monogreek, ancientgreek, croatian, hungarian, interlingua, ibyc
us, indonesian, icelandic, italian, latin, mongolian, dutch, norsk, polish, por
tuguese, pinyin, romanian, russian, slovenian, uppersorbian, serbian, swedish, 
turkish, ukenglish, ukrainian, loaded.
(/usr/local/texlive/2007/texmf-dist/tex/latex/base/article.cls
Document Class: article 2005/09/16 v1.4f Standard LaTeX document class
(/usr/local/texlive/2007/texmf-dist/tex/latex/base/size12.clo
File: size12.clo 2005/09/16 v1.4f Standard LaTeX file (size option)
)
\c@part=\count79
\c@section=\count80
\c@subsection=\count81
\c@subsubsection=\count82
\c@paragraph=\count83
\c@subparagraph=\count84
\c@figure=\count85
\c@table=\count86
\abovecaptionskip=\skip41
\belowcaptionskip=\skip42
\bibindent=\dimen102
)
(/usr/local/texlive/2007/texmf-dist/tex/latex/amsmath/amsmath.sty
Package: amsmath 2000/07/18 v2.13 AMS math features
\@mathmargin=\skip43

For additional information on amsmath, use the `?' option.
(/usr/local/texlive/2007/texmf-dist/tex/latex/amsmath/amstext.sty
Package: amstext 2000/06/29 v2.01

(/usr/local/texlive/2007/texmf-dist/tex/latex/amsmath/amsgen.sty
File: amsgen.sty 1999/11/30 v2.0
\@emptytoks=\toks14
\ex@=\dimen103
))
(/usr/local/texlive/2007/texmf-dist/tex/latex/amsmath/amsbsy.sty
Package: amsbsy 1999/11/29 v1.2d
\pmbraise@=\dimen104
)
(/usr/local/texlive/2007/texmf-dist/tex/latex/amsmath/amsopn.sty
Package: amsopn 1999/12/14 v2.01 operator names
)
\inf@bad=\count87
LaTeX Info: Redefining \frac on input line 211.
\uproot@=\count88
\leftroot@=\count89
LaTeX Info: Redefining \overline on input line 307.
\classnum@=\count90
\DOTSCASE@=\count91
LaTeX Info: Redefining \ldots on input line 379.
LaTeX Info: Redefining \dots on input line 382.
LaTeX Info: Redefining \cdots on input line 467.
\Mathstrutbox@=\box26
\strutbox@=\box27
\big@size=\dimen105
LaTeX Font Info:    Redeclaring font encoding OML on input line 567.
LaTeX Font Info:    Redeclaring font encoding OMS on input line 568.
\macc@depth=\count92
\c@MaxMatrixCols=\count93
\dotsspace@=\muskip10
\c@parentequation=\count94
\dspbrk@lvl=\count95
\tag@help=\toks15
\row@=\count96
\column@=\count97
\maxfields@=\count98
\andhelp@=\toks16
\eqnshift@=\dimen106
\alignsep@=\dimen107
\tagshift@=\dimen108
\tagwidth@=\dimen109
\totwidth@=\dimen110
\lineht@=\dimen111
\@envbody=\toks17
\multlinegap=\skip44
\multlinetaggap=\skip45
\mathdisplay@stack=\toks18
LaTeX Info: Redefining \[ on input line 2666.
LaTeX Info: Redefining \] on input line 2667.
)
(/usr/local/texlive/2007/texmf-dist/tex/latex/amscls/amsthm.sty
Package: amsthm 2004/08/06 v2.20
\thm@style=\toks19
\thm@bodyfont=\toks20
\thm@headfont=\toks21
\thm@notefont=\toks22
\thm@headpunct=\toks23
\thm@preskip=\skip46
\thm@postskip=\skip47
\thm@headsep=\skip48
\dth@everypar=\toks24
)
(/usr/local/texlive/2007/texmf-dist/tex/latex/base/latexsym.sty
Package: latexsym 1998/08/17 v2.2e Standard LaTeX package (lasy symbols)
\symlasy=\mathgroup4
LaTeX Font Info:    Overwriting symbol font `lasy' in version `bold'
(Font)                  U/lasy/m/n --> U/lasy/b/n on input line 47.
)
(/usr/local/texlive/2007/texmf-dist/tex/latex/amsfonts/amssymb.sty
Package: amssymb 2002/01/22 v2.2d

(/usr/local/texlive/2007/texmf-dist/tex/latex/amsfonts/amsfonts.sty
Package: amsfonts 2001/10/25 v2.2f
\symAMSa=\mathgroup5
\symAMSb=\mathgroup6
LaTeX Font Info:    Overwriting math alphabet `\mathfrak' in version `bold'
(Font)                  U/euf/m/n --> U/euf/b/n on input line 132.
))
(/usr/local/texlive/2007/texmf-dist/tex/latex/setspace/setspace.sty
Package: setspace 2000/12/01 6.7 Contributed and Supported LaTeX2e package

Package: `setspace' 6.7 <2000/12/01>
) (/Users/drothsch/Library/texmf/tex/latex/linguex.sty
(/usr/local/texlive/2007/texmf-dist/tex/latex/tools/xspace.sty
Package: xspace 2006/05/08 v1.12 Space after command names (DPC,MH)
)
(/Users/drothsch/Library/texmf/tex/latex/cgloss4e.sty
\lineone=\box28
\linetwo=\box29
\linethree=\box30
\wordone=\box31
\wordtwo=\box32
\wordthree=\box33
\gline=\box34
\glossglue=\skip49
)
\c@ExNo=\count99
\c@SubExNo=\count100
\c@SubSubExNo=\count101
\c@FnExNo=\count102
\c@ABC=\count103
\currentlabel=\skip50
\lessthanten=\skip51
\lessthanhundred=\skip52
\lessthanthousand=\skip53
\@Exleftmargin=\skip54
\Exlabelwidth=\skip55
\Extopsep=\skip56
\Exindent=\skip57
\SubExleftmargin=\skip58
\SubSubExleftmargin=\skip59
\Exlabelsep=\skip60
\alignSubExnegindent=\skip61
\c@ExDepth=\count104
\c@TempExDepth=\count105
\CollectTokens=\toks25
LaTeX Info: Redefining \b on input line 239.
LaTeX Info: Redefining \c on input line 243.
LaTeX Info: Redefining \d on input line 245.
\c@tmpaEx=\count106
)
(/usr/local/texlive/2007/texmf-dist/tex/latex/natbib/natbib.sty
Package: natbib 2007/02/05 8.0 (PWD)
\bibhang=\skip62
\bibsep=\skip63
LaTeX Info: Redefining \cite on input line 602.
\c@NAT@ctr=\count107
)
(/usr/local/texlive/2007/texmf-dist/tex/latex/geometry/geometry.sty
Package: geometry 2002/07/08 v3.2 Page Geometry

(/usr/local/texlive/2007/texmf-dist/tex/latex/graphics/keyval.sty
Package: keyval 1999/03/16 v1.13 key=value parser (DPC)
\KV@toks@=\toks26
)
\Gm@cnth=\count108
\Gm@cntv=\count109
\c@Gm@tempcnt=\count110
\Gm@bindingoffset=\dimen112
\Gm@wd@mp=\dimen113
\Gm@odd@mp=\dimen114
\Gm@even@mp=\dimen115
\Gm@dimlist=\toks27

(/usr/local/texlive/2007/texmf-dist/tex/xelatex/xetexconfig/geometry.cfg))
(/usr/local/texlive/2007/texmf-dist/tex/generic/xypic/xy.sty
(/usr/local/texlive/2007/texmf-dist/tex/generic/xypic/xy.tex Bootstrap'ing:
catcodes, docmode,
(/usr/local/texlive/2007/texmf-dist/tex/generic/xypic/xyrecat.tex)
(/usr/local/texlive/2007/texmf-dist/tex/generic/xypic/xyidioms.tex)

 Xy-pic version 3.7 <1999/02/16>
 Copyright (c) 1991-1998 by Kristoffer H. Rose <krisrose@ens-lyon.fr>
 Xy-pic is free software: see the User's Guide for details.

Loading kernel: messages; fonts; allocations: state,
\X@c=\dimen116
\Y@c=\dimen117
\U@c=\dimen118
\D@c=\dimen119
\L@c=\dimen120
\R@c=\dimen121
\Edge@c=\toks28
\X@p=\dimen122
\Y@p=\dimen123
\U@p=\dimen124
\D@p=\dimen125
\L@p=\dimen126
\R@p=\dimen127
\Edge@p=\toks29
\X@origin=\dimen128
\Y@origin=\dimen129
\X@xbase=\dimen130
\Y@xbase=\dimen131
\X@ybase=\dimen132
\Y@ybase=\dimen133
\X@min=\dimen134
\Y@min=\dimen135
\X@max=\dimen136
\Y@max=\dimen137
\lastobjectbox@=\box35
\zerodotbox@=\box36
\almostz@=\dimen138
 direction,
\d@X=\dimen139
\d@Y=\dimen140
\K@=\count111
\KK@=\count112
\Direction=\count113
\K@dXdY=\dimen141
\K@dYdX=\dimen142
\xyread@=\read1
\xywrite@=\write3
\csp@=\count114
\quotPTK@=\dimen143

utility macros; pictures: \xy, positions,
\swaptoks@@=\toks30
\connectobjectbox@@=\box37
 objects,
\styletoks@=\toks31
 decorations;
kernel objects: directionals, circles, text; options; algorithms: directions,
edges, connections;  Xy-pic loaded)
Package: xy 1999/02/16 Xy-pic version 3.7

(/usr/local/texlive/2007/texmf-dist/tex/generic/xypic/xyall.tex
 Xy-pic option: All features v.3.3
(/usr/local/texlive/2007/texmf-dist/tex/generic/xypic/xycurve.tex
 Xy-pic option: Curve and Spline extension v.3.7 curve,
\crv@cnt@=\count115
\crvpts@=\toks32
\splinebox@=\box38
\splineval@=\dimen144
\splinedepth@=\dimen145
\splinetol@=\dimen146
\splinelength@=\dimen147
 circles,
\L@=\dimen148
 loaded)
(/usr/local/texlive/2007/texmf-dist/tex/generic/xypic/xyframe.tex
 Xy-pic option: Frame and Bracket extension v.3.7 loaded)
(/usr/local/texlive/2007/texmf-dist/tex/generic/xypic/xycmtip.tex
 Xy-pic option: Computer Modern tip extension v.3.3
(/usr/local/texlive/2007/texmf-dist/tex/generic/xypic/xytips.tex
 Xy-pic option: More Tips extension v.3.3 loaded) loaded)
(/usr/local/texlive/2007/texmf-dist/tex/generic/xypic/xyline.tex
 Xy-pic option: Line styles extension v.3.6
\xylinethick@=\dimen149
 loaded)
(/usr/local/texlive/2007/texmf-dist/tex/generic/xypic/xyrotate.tex
 Xy-pic option: Rotate and Scale extension v.3.3 loaded)
(/usr/local/texlive/2007/texmf-dist/tex/generic/xypic/xycolor.tex
 Xy-pic option: Colour extension v.3.3 loaded)
(/usr/local/texlive/2007/texmf-dist/tex/generic/xypic/xymatrix.tex
 Xy-pic option: Matrix feature v.3.4
\Row=\count116
\Col=\count117
\queue@=\toks33
\queue@@=\toks34
\qcount@=\count118
\qcount@@=\count119
\matrixsize@=\count120
 loaded)
(/usr/local/texlive/2007/texmf-dist/tex/generic/xypic/xyarrow.tex
 Xy-pic option: Arrow and Path feature v.3.5 path, \ar, loaded)
(/usr/local/texlive/2007/texmf-dist/tex/generic/xypic/xygraph.tex
 Xy-pic option: Graph feature v.3.7 loaded) loaded))
(/Users/drothsch/Library/texmf/tex/latex/fancyhdr/fancyhdr.sty
\fancy@headwidth=\skip64
\f@ncyO@elh=\skip65
\f@ncyO@erh=\skip66
\f@ncyO@olh=\skip67
\f@ncyO@orh=\skip68
\f@ncyO@elf=\skip69
\f@ncyO@erf=\skip70
\f@ncyO@olf=\skip71
\f@ncyO@orf=\skip72
)
\c@lemma=\count121
\c@ppn=\count122
\c@corr=\count123
\c@fact=\count124
\c@defin=\count125

(/usr/local/texlive/2007/texmf-dist/tex/latex/psnfss/palatino.sty
Package: palatino 2005/04/12 PSNFSS-v9.2a (SPQR) 
)
(./condprop.aux)
\openout1 = `condprop.aux'.

LaTeX Font Info:    Checking defaults for OML/cmm/m/it on input line 36.
LaTeX Font Info:    ... okay on input line 36.
LaTeX Font Info:    Checking defaults for T1/cmr/m/n on input line 36.
LaTeX Font Info:    ... okay on input line 36.
LaTeX Font Info:    Checking defaults for OT1/cmr/m/n on input line 36.
LaTeX Font Info:    ... okay on input line 36.
LaTeX Font Info:    Checking defaults for OMS/cmsy/m/n on input line 36.
LaTeX Font Info:    ... okay on input line 36.
LaTeX Font Info:    Checking defaults for OMX/cmex/m/n on input line 36.
LaTeX Font Info:    ... okay on input line 36.
LaTeX Font Info:    Checking defaults for U/cmr/m/n on input line 36.
LaTeX Font Info:    ... okay on input line 36.
LaTeX Font Info:    Try loading font information for OT1+ppl on input line 36.
 (/usr/local/texlive/2007/texmf-dist/tex/latex/psnfss/ot1ppl.fd
File: ot1ppl.fd 2001/06/04 font definitions for OT1/ppl.
)
-------------------- Geometry parameters
paper: class default
landscape: --
twocolumn: --
twoside: --
asymmetric: --
h-parts: 56.9055pt, 500.484pt, 56.9055pt
v-parts: 56.9055pt, 681.15898pt, 56.9055pt
hmarginratio: --
vmarginratio: --
lines: --
heightrounded: --
bindingoffset: 0.0pt
truedimen: --
includehead: --
includefoot: --
includemp: --
driver: pdftex
-------------------- Page layout dimensions and switches
\paperwidth  614.295pt
\paperheight 794.96999pt
\textwidth  500.484pt
\textheight 681.15898pt
\oddsidemargin  -15.36449pt
\evensidemargin -15.36449pt
\topmargin  -52.36449pt
\headheight 12.0pt
\headsep    25.0pt
\footskip   30.0pt
\marginparwidth 44.0pt
\marginparsep   10.0pt
\columnsep  10.0pt
\skip\footins  10.8pt plus 4.0pt minus 2.0pt
\hoffset 0.0pt
\voffset 0.0pt
\mag 1000

(1in=72.27pt, 1cm=28.45pt)
-----------------------
LaTeX Font Info:    Try loading font information for U+lasy on input line 38.
 (/usr/local/texlive/2007/texmf-dist/tex/latex/base/ulasy.fd
File: ulasy.fd 1998/08/17 v2.2e LaTeX symbol font definitions
)
LaTeX Font Info:    Try loading font information for U+msa on input line 38.

(/usr/local/texlive/2007/texmf-dist/tex/latex/amsfonts/umsa.fd
File: umsa.fd 2002/01/19 v2.2g AMS font definitions
)
LaTeX Font Info:    Try loading font information for U+msb on input line 38.

(/usr/local/texlive/2007/texmf-dist/tex/latex/amsfonts/umsb.fd
File: umsb.fd 2002/01/19 v2.2g AMS font definitions
)
LaTeX Font Info:    Font shape `OT1/ppl/bx/n' in size <17.28> not available
(Font)              Font shape `OT1/ppl/b/n' tried instead on input line 40.
 [1

{/usr/local/texlive/2007/texmf-var/fonts/map/pdftex/updmap/pdftex.map}] [2] [3]
 [4] [5]
[6]
Overfull \hbox (13.89832pt too wide) in paragraph at lines 116--117
[]\OT1/ppl/m/n/12 In Roth-schild (2009), I out-line a triva-lent ap-proach to c
on-di-tion-als that ex-plains the conditional-
 []


Overfull \hbox (16.37418pt too wide) in paragraph at lines 116--117
\OT1/ppl/m/n/12 min-i-mal de-par-ture from a clas-si-cal se-man-tics that al-lo
ws one to ex-plain the conditional-conditional
 []

[7]
LaTeX Font Info:    Font shape `OT1/ppl/bx/n' in size <14.4> not available
(Font)              Font shape `OT1/ppl/b/n' tried instead on input line 122.
 [8]
LaTeX Font Info:    Font shape `OT1/ppl/bx/n' in size <12> not available
(Font)              Font shape `OT1/ppl/b/n' tried instead on input line 133.
LaTeX Font Info:    Try loading font information for OMS+ppl on input line 135.

 (/usr/local/texlive/2007/texmf-dist/tex/latex/psnfss/omsppl.fd
File: omsppl.fd 
)
LaTeX Font Info:    Font shape `OMS/ppl/m/n' in size <12> not available
(Font)              Font shape `OMS/cmsy/m/n' tried instead on input line 135.

[9] [10]
LaTeX Font Info:    Font shape `OT1/ppl/bx/n' in size <10> not available
(Font)              Font shape `OT1/ppl/b/n' tried instead on input line 162.


Package natbib Warning: Citation `EllisUnified' on page 11 undefined on input l
ine 162.

[11] [12] [13]

Package natbib Warning: Citation `EllisUnified' on page 14 undefined on input l
ine 213.

[14] [15] [16] [17]

Package natbib Warning: Citation `McGeeToTell' on page 18 undefined on input li
ne 288.

[18] (./condprop.bbl [19] [20])

Package natbib Warning: There were undefined citations.

[21] (./condprop.aux) ) 
Here is how much of TeX's memory you used:
 4566 strings out of 94073
 55731 string characters out of 1162984
 143552 words of memory out of 1500000
 7760 multiletter control sequences out of 10000+50000
 25483 words of font info for 83 fonts, out of 1200000 for 2000
 645 hyphenation exceptions out of 8191
 29i,13n,43p,1939b,294s stack positions out of 5000i,500n,6000p,200000b,5000s
{/usr/local/texlive/2007/texmf-dist/fonts/enc/dvips/base
/8r.enc}</usr/local/texlive/2007/texmf-dist/fonts/type1/bluesky/cm/cmmi10.pfb><
/usr/local/texlive/2007/texmf-dist/fonts/type1/bluesky/cm/cmmi12.pfb></usr/loca
l/texlive/2007/texmf-dist/fonts/type1/bluesky/cm/cmmi8.pfb></usr/local/texlive/
2007/texmf-dist/fonts/type1/bluesky/cm/cmr10.pfb></usr/local/texlive/2007/texmf
-dist/fonts/type1/bluesky/cm/cmr12.pfb></usr/local/texlive/2007/texmf-dist/font
s/type1/bluesky/cm/cmr7.pfb></usr/local/texlive/2007/texmf-dist/fonts/type1/blu
esky/cm/cmr8.pfb></usr/local/texlive/2007/texmf-dist/fonts/type1/bluesky/cm/cms
y10.pfb></usr/local/texlive/2007/texmf-dist/fonts/type1/bluesky/cm/cmsy7.pfb></
usr/local/texlive/2007/texmf-dist/fonts/type1/bluesky/cm/cmsy8.pfb></usr/local/
texlive/2007/texmf-dist/fonts/type1/bluesky/latex-fonts/lasy10.pfb></usr/local/
texlive/2007/texmf-dist/fonts/type1/urw/palatino/uplb8a.pfb></usr/local/texlive
/2007/texmf-dist/fonts/type1/urw/palatino/uplr8a.pfb></usr/local/texlive/2007/t
exmf-dist/fonts/type1/urw/palatino/uplri8a.pfb>
Output written on condprop.pdf (21 pages, 149590 bytes).
PDF statistics:
 127 PDF objects out of 1000 (max. 8388607)
 0 named destinations out of 1000 (max. 131072)
 1 words of extra memory for PDF output out of 10000 (max. 10000000)

